[0m[[0m[0mdebug[0m] [0m[0mRunning TaskDef(gemmini.PETesterSpec, org.scalatest.tools.Framework$$anon$1@720d40cd, false, [SuiteSelector])[0m
[0m[[0m[0minfo[0m] [0m[0m[32mPETesterSpec:[0m[0m
[0m[[0m[0minfo[0m] [0m[0m[32mPE[0m[0m
[0m[[0m[0minfo[0m] [0m[0m[31m- should perform computation correctly *** FAILED ***[0m[0m
[0m[[0m[0minfo[0m] [0m[0m[31m  java.lang.AssertionError: assertion failed: The Chisel compiler plugin is now required for compiling Chisel code. Please see https://github.com/chipsalliance/chisel3#build-your-own-chisel-projects.[0m[0m
[0m[[0m[0minfo[0m] [0m[0m[31m  at ... ()[0m[0m
[0m[[0m[0minfo[0m] [0m[0m[31m  at gemmini.PE$$anon$1.<init>(PE.scala:23)[0m[0m
[0m[[0m[0minfo[0m] [0m[0m[31m  at gemmini.PE.<init>(PE.scala:23)[0m[0m
[0m[[0m[0minfo[0m] [0m[0m[31m  at gemmini.PETesterSpec.$anonfun$new$2(PETest.scala:36)[0m[0m
[0m[[0m[0minfo[0m] [0m[0m[31m  at ... ()[0m[0m
[0m[[0m[0minfo[0m] [0m[0m[31m  at ... (Stack trace trimmed to user code only. Rerun with --full-stacktrace to see the full stack trace)[0m[0m
[0m[[0m[0minfo[0m] [0m[0m[31m  ...[0m[0m
[0m[[0m[0minfo[0m] [0m[0m[36mRun completed in 1 second, 150 milliseconds.[0m[0m
[0m[[0m[0minfo[0m] [0m[0m[36mTotal number of tests run: 1[0m[0m
[0m[[0m[0minfo[0m] [0m[0m[36mSuites: completed 1, aborted 0[0m[0m
[0m[[0m[0minfo[0m] [0m[0m[36mTests: succeeded 0, failed 1, canceled 0, ignored 0, pending 0[0m[0m
[0m[[0m[0minfo[0m] [0m[0m[31m*** 1 TEST FAILED ***[0m[0m
[0m[[0m[31merror[0m] [0m[0mFailed tests:[0m
[0m[[0m[31merror[0m] [0m[0m	gemmini.PETesterSpec[0m
[0m[[0m[31merror[0m] [0m[0m(Test / [31mtest[0m) sbt.TestsFailedException: Tests unsuccessful[0m
