[0m[[0m[0mdebug[0m] [0m[0m> Exec(early(addDefaultCommands), None, None)[0m
[0m[[0m[0mdebug[0m] [0m[0m> Exec(addDefaultCommands, None, None)[0m
[0m[[0m[0mdebug[0m] [0m[0m> Exec(early(initialize), None, None)[0m
[0m[[0m[0mdebug[0m] [0m[0m> Exec(initialize, None, None)[0m
[0m[[0m[0mdebug[0m] [0m[0m> Exec(boot, None, None)[0m
[0m[[0m[0mdebug[0m] [0m[0m> Exec(writeSbtVersion, None, None)[0m
[0m[[0m[0mdebug[0m] [0m[0m> Exec(reload, None, None)[0m
[0m[[0m[0mdebug[0m] [0m[0m> Exec(sbtStashOnFailure, None, None)[0m
[0m[[0m[0mdebug[0m] [0m[0m> Exec(onFailure loadFailed, None, None)[0m
[0m[[0m[0mdebug[0m] [0m[0m> Exec(loadp, None, None)[0m
[0m[[0m[0minfo[0m] [0m[0mwelcome to sbt 1.9.6 (Ubuntu Java 11.0.20.1)[0m
[0m[[0m[0mdebug[0m] [0m[0m      Load.loadUnit: plugins took 82.828534ms[0m
[0m[[0m[0mdebug[0m] [0m[0m      Load.loadUnit: defsScala took 0.501422ms[0m
[0m[[0m[0mdebug[0m] [0m[0m[Loading] Scanning directory /home/chen/.sbt/1.0/plugins[0m
[0m[[0m[0mdebug[0m] [0m[0m[Loading] Found non-root projects [0m
[0m[[0m[0mdebug[0m] [0m[0m[Loading] Done in /home/chen/.sbt/1.0/plugins, returning: ()[0m
[0m[[0m[0mdebug[0m] [0m[0mdeducing auto plugins based on known facts Set(Atom(sbt.plugins.CorePlugin)) and clauses Clauses(Clause(Atom(sbt.plugins.JvmPlugin),Set(Atom(sbt.plugins.IvyPlugin)))[0m
[0m[[0m[0mdebug[0m] [0m[0mClause(Atom(sbt.ScriptedPlugin),Set(Atom(sbt.plugins.JvmPlugin)))[0m
[0m[[0m[0mdebug[0m] [0m[0mClause(Atom(sbt.plugins.SbtPlugin),Set(Atom(sbt.ScriptedPlugin)))[0m
[0m[[0m[0mdebug[0m] [0m[0mClause(Atom(sbt.plugins.SemanticdbPlugin),Set(Atom(sbt.plugins.JvmPlugin)))[0m
[0m[[0m[0mdebug[0m] [0m[0mClause(Atom(sbt.plugins.JUnitXmlReportPlugin),Set(Atom(sbt.plugins.JvmPlugin)))[0m
[0m[[0m[0mdebug[0m] [0m[0mClause(Atom(sbt.plugins.MiniDependencyTreePlugin),Set(Atom(sbt.plugins.JvmPlugin)))[0m
[0m[[0m[0mdebug[0m] [0m[0mClause(Atom(sbt.plugins.CorePlugin),Set(Atom(sbt.plugins.IvyPlugin)))[0m
[0m[[0m[0mdebug[0m] [0m[0mClause(Atom(sbt.plugins.IvyPlugin),Set(Atom(sbt.plugins.JvmPlugin)))[0m
[0m[[0m[0mdebug[0m] [0m[0mClause(Atom(sbt.plugins.JvmPlugin),Set(Atom(sbt.plugins.SemanticdbPlugin)))[0m
[0m[[0m[0mdebug[0m] [0m[0mClause(Atom(sbt.plugins.JvmPlugin),Set(Atom(sbt.plugins.JUnitXmlReportPlugin)))[0m
[0m[[0m[0mdebug[0m] [0m[0mClause(Atom(sbt.plugins.CorePlugin),Set(Atom(sbt.plugins.Giter8TemplatePlugin)))[0m
[0m[[0m[0mdebug[0m] [0m[0mClause(Atom(sbt.plugins.JvmPlugin),Set(Atom(sbt.plugins.MiniDependencyTreePlugin))))[0m
[0m[[0m[0mdebug[0m] [0m[0m  :: deduced result: Matched(sbt.plugins.CorePlugin,sbt.plugins.Giter8TemplatePlugin,sbt.plugins.IvyPlugin,sbt.plugins.JvmPlugin,sbt.plugins.MiniDependencyTreePlugin,sbt.plugins.JUnitXmlReportPlugin,sbt.plugins.SemanticdbPlugin)[0m
[0m[[0m[0mdebug[0m] [0m[0mPlugins.deducer#function took 13.447202 ms[0m
[0m[[0m[0mdebug[0m] [0m[0m          Load.resolveProject(global-plugins) took 41.315923ms[0m
[0m[[0m[0mdebug[0m] [0m[0m        Load.loadTransitive: finalizeProject(Project(id global-plugins, base: /home/chen/.sbt/1.0/plugins, plugins: List(<none>))) took 77.554771ms[0m
[0m[[0m[0mdebug[0m] [0m[0m[Loading] Done in /home/chen/.sbt/1.0/plugins, returning: (global-plugins)[0m
[0m[[0m[0mdebug[0m] [0m[0m      Load.loadUnit: loadedProjectsRaw took 95.977544ms[0m
[0m[[0m[0mdebug[0m] [0m[0m      Load.loadUnit: cleanEvalClasses took 0.199183ms[0m
[0m[[0m[0mdebug[0m] [0m[0m    Load.loadUnit(file:/home/chen/.sbt/1.0/plugins/, ...) took 190.279737ms[0m
[0m[[0m[0mdebug[0m] [0m[0m  Load.apply: load took 348.824915ms[0m
[0m[[0m[0mdebug[0m] [0m[0m  Load.apply: resolveProjects took 6.41885ms[0m
[0m[[0m[0mdebug[0m] [0m[0m  Load.apply: finalTransforms took 47.98322ms[0m
[0m[[0m[0mdebug[0m] [0m[0m  Load.apply: config.delegates took 5.702142ms[0m
[0m[[0m[0mdebug[0m] [0m[0m  Load.apply: Def.make(settings)... took 487.210577ms[0m
[0m[[0m[0mdebug[0m] [0m[0m  Load.apply: structureIndex took 88.490617ms[0m
[0m[[0m[0mdebug[0m] [0m[0m  Load.apply: mkStreams took 1.287038ms[0m
[0m[[0m[0minfo[0m] [0m[0mloading global plugins from /home/chen/.sbt/1.0/plugins[0m
[0m[[0m[0mdebug[0m] [0m[0mRunning task... Cancel: Signal, check cycles: false, forcegc: true[0m
[0m[[0m[0mdebug[0m] [0m[0mLoad.defaultLoad until apply took 2201.529385ms[0m
[0m[[0m[0mdebug[0m] [0m[0m                      Load.loadUnit: plugins took 18.827439ms[0m
[0m[[0m[0mdebug[0m] [0m[0m                      Load.loadUnit: defsScala took 0.003884ms[0m
[0m[[0m[0mdebug[0m] [0m[0m[Loading] Scanning directory /home/chen/ysyx/chisel-book/ex6-ALU/project/project/project[0m
[0m[[0m[0mdebug[0m] [0m[0m                        Load.loadUnit: mkEval took 7.892782ms[0m
[0m[[0m[0mdebug[0m] [0m[0m[Loading] Found non-root projects [0m
[0m[[0m[0mdebug[0m] [0m[0m[Loading] Done in /home/chen/ysyx/chisel-book/ex6-ALU/project/project/project, returning: ()[0m
[0m[[0m[0mdebug[0m] [0m[0mdeducing auto plugins based on known facts Set(Atom(sbt.plugins.CorePlugin)) and clauses Clauses(Clause(Atom(sbt.plugins.JvmPlugin),Set(Atom(sbt.plugins.IvyPlugin)))[0m
[0m[[0m[0mdebug[0m] [0m[0mClause(Atom(sbt.ScriptedPlugin),Set(Atom(sbt.plugins.JvmPlugin)))[0m
[0m[[0m[0mdebug[0m] [0m[0mClause(Atom(sbt.plugins.SbtPlugin),Set(Atom(sbt.ScriptedPlugin)))[0m
[0m[[0m[0mdebug[0m] [0m[0mClause(Atom(sbt.plugins.SemanticdbPlugin),Set(Atom(sbt.plugins.JvmPlugin)))[0m
[0m[[0m[0mdebug[0m] [0m[0mClause(Atom(sbt.plugins.JUnitXmlReportPlugin),Set(Atom(sbt.plugins.JvmPlugin)))[0m
[0m[[0m[0mdebug[0m] [0m[0mClause(Atom(sbt.plugins.MiniDependencyTreePlugin),Set(Atom(sbt.plugins.JvmPlugin)))[0m
[0m[[0m[0mdebug[0m] [0m[0mClause(Atom(sbt.plugins.CorePlugin),Set(Atom(sbt.plugins.IvyPlugin)))[0m
[0m[[0m[0mdebug[0m] [0m[0mClause(Atom(sbt.plugins.IvyPlugin),Set(Atom(sbt.plugins.JvmPlugin)))[0m
[0m[[0m[0mdebug[0m] [0m[0mClause(Atom(sbt.plugins.JvmPlugin),Set(Atom(sbt.plugins.SemanticdbPlugin)))[0m
[0m[[0m[0mdebug[0m] [0m[0mClause(Atom(sbt.plugins.JvmPlugin),Set(Atom(sbt.plugins.JUnitXmlReportPlugin)))[0m
[0m[[0m[0mdebug[0m] [0m[0mClause(Atom(sbt.plugins.CorePlugin),Set(Atom(sbt.plugins.Giter8TemplatePlugin)))[0m
[0m[[0m[0mdebug[0m] [0m[0mClause(Atom(sbt.plugins.JvmPlugin),Set(Atom(sbt.plugins.MiniDependencyTreePlugin))))[0m
[0m[[0m[0mdebug[0m] [0m[0m  :: deduced result: Matched(sbt.plugins.CorePlugin,sbt.plugins.Giter8TemplatePlugin,sbt.plugins.IvyPlugin,sbt.plugins.JvmPlugin,sbt.plugins.MiniDependencyTreePlugin,sbt.plugins.JUnitXmlReportPlugin,sbt.plugins.SemanticdbPlugin)[0m
[0m[[0m[0mdebug[0m] [0m[0mPlugins.deducer#function took 1.974496 ms[0m
[0m[[0m[0minfo[0m] [0m[0mloading settings for project ex6-alu-build-build-build from metals.sbt ...[0m
[0m[[0m[0mdebug[0m] [0m[0m                          Load.resolveProject(ex6-alu-build-build-build) took 4.436873ms[0m
[0m[[0m[0mdebug[0m] [0m[0m                        Load.loadTransitive: finalizeProject(Project(id ex6-alu-build-build-build, base: /home/chen/ysyx/chisel-book/ex6-ALU/project/project/project, plugins: List(<none>))) took 6.991886ms[0m
[0m[[0m[0mdebug[0m] [0m[0m[Loading] Done in /home/chen/ysyx/chisel-book/ex6-ALU/project/project/project, returning: (ex6-alu-build-build-build)[0m
[0m[[0m[0mdebug[0m] [0m[0m                      Load.loadUnit: loadedProjectsRaw took 144.927409ms[0m
[0m[[0m[0mdebug[0m] [0m[0m                      Load.loadUnit: cleanEvalClasses took 3.289339ms[0m
[0m[[0m[0mdebug[0m] [0m[0m                    Load.loadUnit(file:/home/chen/ysyx/chisel-book/ex6-ALU/project/project/project/, ...) took 167.60636ms[0m
[0m[[0m[0mdebug[0m] [0m[0m                  Load.apply: load took 168.857111ms[0m
[0m[[0m[0mdebug[0m] [0m[0m                  Load.apply: resolveProjects took 0.207969ms[0m
[0m[[0m[0mdebug[0m] [0m[0m                  Load.apply: finalTransforms took 11.460081ms[0m
[0m[[0m[0mdebug[0m] [0m[0m                  Load.apply: config.delegates took 0.61067ms[0m
[0m[[0m[0mdebug[0m] [0m[0m                  Load.apply: Def.make(settings)... took 131.160584ms[0m
[0m[[0m[0mdebug[0m] [0m[0m                  Load.apply: structureIndex took 41.343031ms[0m
[0m[[0m[0mdebug[0m] [0m[0m                  Load.apply: mkStreams took 0.009969ms[0m
[0m[[0m[0minfo[0m] [0m[0mloading project definition from /home/chen/ysyx/chisel-book/ex6-ALU/project/project/project[0m
[0m[[0m[0mdebug[0m] [0m[0mRunning task... Cancel: Signal, check cycles: false, forcegc: true[0m
[0m[[0m[0mdebug[0m] [0m[0m                Load.loadUnit: plugins took 564.351275ms[0m
[0m[[0m[0mdebug[0m] [0m[0m                Load.loadUnit: defsScala took 0.003457ms[0m
[0m[[0m[0mdebug[0m] [0m[0m[Loading] Scanning directory /home/chen/ysyx/chisel-book/ex6-ALU/project/project[0m
[0m[[0m[0mdebug[0m] [0m[0m                  Load.loadUnit: mkEval took 0.196645ms[0m
[0m[[0m[0mdebug[0m] [0m[0m[Loading] Found non-root projects [0m
[0m[[0m[0mdebug[0m] [0m[0m[Loading] Done in /home/chen/ysyx/chisel-book/ex6-ALU/project/project, returning: ()[0m
[0m[[0m[0mdebug[0m] [0m[0mdeducing auto plugins based on known facts Set(Atom(sbt.plugins.CorePlugin)) and clauses Clauses(Clause(Atom(sbt.plugins.JvmPlugin),Set(Atom(sbt.plugins.IvyPlugin)))[0m
[0m[[0m[0mdebug[0m] [0m[0mClause(Atom(sbt.ScriptedPlugin),Set(Atom(sbt.plugins.JvmPlugin)))[0m
[0m[[0m[0mdebug[0m] [0m[0mClause(Atom(sbt.plugins.SbtPlugin),Set(Atom(sbt.ScriptedPlugin)))[0m
[0m[[0m[0mdebug[0m] [0m[0mClause(Atom(sbt.plugins.SemanticdbPlugin),Set(Atom(sbt.plugins.JvmPlugin)))[0m
[0m[[0m[0mdebug[0m] [0m[0mClause(Atom(sbt.plugins.JUnitXmlReportPlugin),Set(Atom(sbt.plugins.JvmPlugin)))[0m
[0m[[0m[0mdebug[0m] [0m[0mClause(Atom(sbt.plugins.MiniDependencyTreePlugin),Set(Atom(sbt.plugins.JvmPlugin)))[0m
[0m[[0m[0mdebug[0m] [0m[0mClause(Atom(bloop.integrations.sbt.BloopPlugin),Set(Atom(sbt.plugins.JvmPlugin)))[0m
[0m[[0m[0mdebug[0m] [0m[0mClause(Atom(sbt.plugins.CorePlugin),Set(Atom(sbt.plugins.IvyPlugin)))[0m
[0m[[0m[0mdebug[0m] [0m[0mClause(Atom(sbt.plugins.IvyPlugin),Set(Atom(sbt.plugins.JvmPlugin)))[0m
[0m[[0m[0mdebug[0m] [0m[0mClause(Atom(sbt.plugins.JvmPlugin),Set(Atom(sbt.plugins.SemanticdbPlugin)))[0m
[0m[[0m[0mdebug[0m] [0m[0mClause(Atom(sbt.plugins.JvmPlugin),Set(Atom(sbt.plugins.JUnitXmlReportPlugin)))[0m
[0m[[0m[0mdebug[0m] [0m[0mClause(Atom(sbt.plugins.CorePlugin),Set(Atom(sbt.plugins.Giter8TemplatePlugin)))[0m
[0m[[0m[0mdebug[0m] [0m[0mClause(Atom(sbt.plugins.JvmPlugin),Set(Atom(sbt.plugins.MiniDependencyTreePlugin)))[0m
[0m[[0m[0mdebug[0m] [0m[0mClause(Atom(sbt.plugins.JvmPlugin),Set(Atom(bloop.integrations.sbt.BloopPlugin))))[0m
[0m[[0m[0mdebug[0m] [0m[0m  :: deduced result: Matched(sbt.plugins.CorePlugin,sbt.plugins.Giter8TemplatePlugin,sbt.plugins.IvyPlugin,sbt.plugins.JvmPlugin,bloop.integrations.sbt.BloopPlugin,sbt.plugins.MiniDependencyTreePlugin,sbt.plugins.JUnitXmlReportPlugin,sbt.plugins.SemanticdbPlugin)[0m
[0m[[0m[0mdebug[0m] [0m[0mPlugins.deducer#function took 2.000776 ms[0m
[0m[[0m[0minfo[0m] [0m[0mloading settings for project ex6-alu-build-build from metals.sbt ...[0m
[0m[[0m[0mdebug[0m] [0m[0m                    Load.resolveProject(ex6-alu-build-build) took 22.122609ms[0m
[0m[[0m[0mdebug[0m] [0m[0m                  Load.loadTransitive: finalizeProject(Project(id ex6-alu-build-build, base: /home/chen/ysyx/chisel-book/ex6-ALU/project/project, plugins: List(<none>))) took 24.607015ms[0m
[0m[[0m[0mdebug[0m] [0m[0m[Loading] Done in /home/chen/ysyx/chisel-book/ex6-ALU/project/project, returning: (ex6-alu-build-build)[0m
[0m[[0m[0mdebug[0m] [0m[0m                Load.loadUnit: loadedProjectsRaw took 44.375376ms[0m
[0m[[0m[0mdebug[0m] [0m[0m                Load.loadUnit: cleanEvalClasses took 0.476136ms[0m
[0m[[0m[0mdebug[0m] [0m[0m              Load.loadUnit(file:/home/chen/ysyx/chisel-book/ex6-ALU/project/project/, ...) took 609.794994ms[0m
[0m[[0m[0mdebug[0m] [0m[0m            Load.apply: load took 611.115943ms[0m
[0m[[0m[0mdebug[0m] [0m[0m            Load.apply: resolveProjects took 0.171124ms[0m
[0m[[0m[0mdebug[0m] [0m[0m            Load.apply: finalTransforms took 16.892489ms[0m
[0m[[0m[0mdebug[0m] [0m[0m            Load.apply: config.delegates took 0.323291ms[0m
[0m[[0m[0mdebug[0m] [0m[0m            Load.apply: Def.make(settings)... took 120.302271ms[0m
[0m[[0m[0mdebug[0m] [0m[0m            Load.apply: structureIndex took 37.241812ms[0m
[0m[[0m[0mdebug[0m] [0m[0m            Load.apply: mkStreams took 0.004306ms[0m
[0m[[0m[0minfo[0m] [0m[0mloading project definition from /home/chen/ysyx/chisel-book/ex6-ALU/project/project[0m
[0m[[0m[0mdebug[0m] [0m[0mEvaluating tasks: bloopInstall[0m
[0m[[0m[0mdebug[0m] [0m[0mRunning task... Cancel: Signal, check cycles: false, forcegc: true[0m
[0m[[0m[32msuccess[0m] [0m[0mGenerated .bloop/ex6-alu-build-build.json[0m
[0m[[0m[32msuccess[0m] [0m[0mTotal time: 2 s, completed 2023Âπ¥11Êúà5Êó• ‰∏ãÂçà9:10:49[0m
[0m[[0m[0mdebug[0m] [0m[0mRunning task... Cancel: Signal, check cycles: false, forcegc: true[0m
[0m[[0m[0mdebug[0m] [0m[0m          Load.loadUnit: plugins took 2929.442313ms[0m
[0m[[0m[0mdebug[0m] [0m[0m          Load.loadUnit: defsScala took 0.004437ms[0m
[0m[[0m[0mdebug[0m] [0m[0m[Loading] Scanning directory /home/chen/ysyx/chisel-book/ex6-ALU/project[0m
[0m[[0m[0mdebug[0m] [0m[0m            Load.loadUnit: mkEval took 0.208594ms[0m
[0m[[0m[0mdebug[0m] [0m[0m[Loading] Found non-root projects [0m
[0m[[0m[0mdebug[0m] [0m[0m[Loading] Done in /home/chen/ysyx/chisel-book/ex6-ALU/project, returning: ()[0m
[0m[[0m[0mdebug[0m] [0m[0mdeducing auto plugins based on known facts Set(Atom(sbt.plugins.CorePlugin)) and clauses Clauses(Clause(Atom(sbt.plugins.JvmPlugin),Set(Atom(sbt.plugins.IvyPlugin)))[0m
[0m[[0m[0mdebug[0m] [0m[0mClause(Atom(sbt.ScriptedPlugin),Set(Atom(sbt.plugins.JvmPlugin)))[0m
[0m[[0m[0mdebug[0m] [0m[0mClause(Atom(sbt.plugins.SbtPlugin),Set(Atom(sbt.ScriptedPlugin)))[0m
[0m[[0m[0mdebug[0m] [0m[0mClause(Atom(sbt.plugins.SemanticdbPlugin),Set(Atom(sbt.plugins.JvmPlugin)))[0m
[0m[[0m[0mdebug[0m] [0m[0mClause(Atom(sbt.plugins.JUnitXmlReportPlugin),Set(Atom(sbt.plugins.JvmPlugin)))[0m
[0m[[0m[0mdebug[0m] [0m[0mClause(Atom(sbt.plugins.MiniDependencyTreePlugin),Set(Atom(sbt.plugins.JvmPlugin)))[0m
[0m[[0m[0mdebug[0m] [0m[0mClause(Atom(bloop.integrations.sbt.BloopPlugin),Set(Atom(sbt.plugins.JvmPlugin)))[0m
[0m[[0m[0mdebug[0m] [0m[0mClause(Atom(sbt.plugins.CorePlugin),Set(Atom(sbt.plugins.IvyPlugin)))[0m
[0m[[0m[0mdebug[0m] [0m[0mClause(Atom(sbt.plugins.IvyPlugin),Set(Atom(sbt.plugins.JvmPlugin)))[0m
[0m[[0m[0mdebug[0m] [0m[0mClause(Atom(sbt.plugins.JvmPlugin),Set(Atom(sbt.plugins.SemanticdbPlugin)))[0m
[0m[[0m[0mdebug[0m] [0m[0mClause(Atom(sbt.plugins.JvmPlugin),Set(Atom(sbt.plugins.JUnitXmlReportPlugin)))[0m
[0m[[0m[0mdebug[0m] [0m[0mClause(Atom(sbt.plugins.CorePlugin),Set(Atom(sbt.plugins.Giter8TemplatePlugin)))[0m
[0m[[0m[0mdebug[0m] [0m[0mClause(Atom(sbt.plugins.JvmPlugin),Set(Atom(sbt.plugins.MiniDependencyTreePlugin)))[0m
[0m[[0m[0mdebug[0m] [0m[0mClause(Atom(sbt.plugins.JvmPlugin),Set(Atom(bloop.integrations.sbt.BloopPlugin))))[0m
[0m[[0m[0mdebug[0m] [0m[0m  :: deduced result: Matched(sbt.plugins.CorePlugin,sbt.plugins.Giter8TemplatePlugin,sbt.plugins.IvyPlugin,sbt.plugins.JvmPlugin,bloop.integrations.sbt.BloopPlugin,sbt.plugins.MiniDependencyTreePlugin,sbt.plugins.JUnitXmlReportPlugin,sbt.plugins.SemanticdbPlugin)[0m
[0m[[0m[0mdebug[0m] [0m[0mPlugins.deducer#function took 1.789529 ms[0m
[0m[[0m[0minfo[0m] [0m[0mloading settings for project ex6-alu-build from metals.sbt,plugins.sbt ...[0m
[0m[[0m[0mdebug[0m] [0m[0m              Load.resolveProject(ex6-alu-build) took 23.095505ms[0m
[0m[[0m[0mdebug[0m] [0m[0m            Load.loadTransitive: finalizeProject(Project(id ex6-alu-build, base: /home/chen/ysyx/chisel-book/ex6-ALU/project, plugins: List(<none>))) took 25.508379ms[0m
[0m[[0m[0mdebug[0m] [0m[0m[Loading] Done in /home/chen/ysyx/chisel-book/ex6-ALU/project, returning: (ex6-alu-build)[0m
[0m[[0m[0mdebug[0m] [0m[0m          Load.loadUnit: loadedProjectsRaw took 46.846469ms[0m
[0m[[0m[0mdebug[0m] [0m[0m          Load.loadUnit: cleanEvalClasses took 0.680779ms[0m
[0m[[0m[0mdebug[0m] [0m[0m        Load.loadUnit(file:/home/chen/ysyx/chisel-book/ex6-ALU/project/, ...) took 2977.520904ms[0m
[0m[[0m[0mdebug[0m] [0m[0m      Load.apply: load took 2978.795778ms[0m
[0m[[0m[0mdebug[0m] [0m[0m      Load.apply: resolveProjects took 0.135214ms[0m
[0m[[0m[0mdebug[0m] [0m[0m      Load.apply: finalTransforms took 14.403731ms[0m
[0m[[0m[0mdebug[0m] [0m[0m      Load.apply: config.delegates took 0.347861ms[0m
[0m[[0m[0mdebug[0m] [0m[0m      Load.apply: Def.make(settings)... took 77.842265ms[0m
[0m[[0m[0mdebug[0m] [0m[0m      Load.apply: structureIndex took 22.383822ms[0m
[0m[[0m[0mdebug[0m] [0m[0m      Load.apply: mkStreams took 0.004262ms[0m
[0m[[0m[0minfo[0m] [0m[0mloading project definition from /home/chen/ysyx/chisel-book/ex6-ALU/project[0m
[0m[[0m[0mdebug[0m] [0m[0mEvaluating tasks: bloopInstall[0m
[0m[[0m[0mdebug[0m] [0m[0mRunning task... Cancel: Signal, check cycles: false, forcegc: true[0m
[0m[[0m[0minfo[0m] [0m[0mUpdating [0m
[0m[[0m[0minfo[0m] [0m[0mResolved  dependencies[0m
[0m[[0m[33mwarn[0m] [0m[0m[0m
[0m[[0m[33mwarn[0m] [0m[0m	Note: Some unresolved dependencies have extra attributes.  Check that these dependencies exist with the requested attributes.[0m
[0m[[0m[33mwarn[0m] [0m[0m		com.eed3si9n:sbt-assembly:0.13.0 (sbtVersion=1.0, scalaVersion=2.12)[0m
[0m[[0m[33mwarn[0m] [0m[0m[0m
[0m[[0m[33mwarn[0m] [0m[0m	Note: Unresolved dependencies path:[0m
[0m[[0m[31merror[0m] [0m[0mCouldn't run bloopGenerate. Cause: Incomplete(node=Some(Task(_)), tpe=Error, msg=None, causes=List(Incomplete(node=Some(Task(_)), tpe=Error, msg=None, causes=List(Incomplete(node=Some(Task(_)), tpe=Error, msg=None, causes=List(Incomplete(node=Some(Task((tags: Map(Tag(update) -> 1, Tag(network) -> 1), taskDefinitionKey: ScopedKey(Scope(Select(ProjectRef(file:/home/chen/ysyx/chisel-book/ex6-ALU/project/,ex6-alu-build)), Zero, Zero, Zero),updateClassifiers)))), tpe=Error, msg=None, causes=List(Incomplete(node=Some(Task((taskDefinitionKey: ScopedKey(Scope(Select(ProjectRef(file:/home/chen/ysyx/chisel-book/ex6-ALU/project/,ex6-alu-build)), Zero, Select(updateClassifiers), Zero),classifiersModule)))), tpe=Error, msg=None, causes=List(Incomplete(node=Some(Task((taskDefinitionKey: ScopedKey(Scope(Select(ProjectRef(file:/home/chen/ysyx/chisel-book/ex6-ALU/project/,ex6-alu-build)), Zero, Zero, Zero),update)))), tpe=Error, msg=None, causes=List(Incomplete(node=Some(Task((tags: Map(Tag(update) -> 1, Tag(network) -> 1), taskDefinitionKey: ScopedKey(Scope(Select(ProjectRef(file:/home/chen/ysyx/chisel-book/ex6-ALU/project/,ex6-alu-build)), Zero, Zero, Zero),update)))), tpe=Error, msg=None, causes=List(), directCause=Some(sbt.librarymanagement.ResolveException: Error downloading com.eed3si9n:sbt-assembly;sbtVersion=1.0;scalaVersion=2.12:0.13.0[0m
[0m[[0m[31merror[0m] [0m[0m  Not found[0m
[0m[[0m[31merror[0m] [0m[0m  Not found[0m
[0m[[0m[31merror[0m] [0m[0m  not found: https://repo1.maven.org/maven2/com/eed3si9n/sbt-assembly_2.12_1.0/0.13.0/sbt-assembly-0.13.0.pom[0m
[0m[[0m[31merror[0m] [0m[0m  not found: /home/chen/.ivy2/localcom.eed3si9n/sbt-assembly/scala_2.12/sbt_1.0/0.13.0/ivys/ivy.xml[0m
[0m[[0m[31merror[0m] [0m[0m  not found: https://maven.aliyun.com/repository/central/com/eed3si9n/sbt-assembly_2.12_1.0/0.13.0/sbt-assembly-0.13.0.pom[0m
[0m[[0m[31merror[0m] [0m[0m  not found: https://maven.aliyun.com/repository/public/com/eed3si9n/sbt-assembly_2.12_1.0/0.13.0/sbt-assembly-0.13.0.pom[0m
[0m[[0m[31merror[0m] [0m[0m  not found: https://maven.aliyun.com/nexus/content/groups/public/com/eed3si9n/sbt-assembly_2.12_1.0/0.13.0/sbt-assembly-0.13.0.pom[0m
[0m[[0m[31merror[0m] [0m[0m  not found: https://oss.sonatype.org/service/local/repositories/releases/content/com/eed3si9n/sbt-assembly_2.12_1.0/0.13.0/sbt-assembly-0.13.0.pom[0m
[0m[[0m[31merror[0m] [0m[0m  not found: https://oss.sonatype.org/content/repositories/snapshots/com/eed3si9n/sbt-assembly_2.12_1.0/0.13.0/sbt-assembly-0.13.0.pom[0m
[0m[[0m[31merror[0m] [0m[0m  not found: https://dl.bintray.com/sbt/sbt-plugin-releases/com.eed3si9n/sbt-assembly/scala_2.12/sbt_1.0/0.13.0/ivys/ivy.xml[0m
[0m[[0m[31merror[0m] [0m[0m  not found: https://repo.scala-sbt.org/scalasbt/sbt-plugin-releases/com.eed3si9n/sbt-assembly/scala_2.12/sbt_1.0/0.13.0/ivys/ivy.xml[0m
[0m[[0m[31merror[0m] [0m[0m  not found: https://repo.typesafe.com/typesafe/ivy-releases/com.eed3si9n/sbt-assembly/scala_2.12/sbt_1.0/0.13.0/ivys/ivy.xml[0m
[0m[[0m[31merror[0m] [0m[0m  not found: https://repo.scala-sbt.org/scalasbt/sbt-plugin-releases/com.eed3si9n/sbt-assembly/scala_2.12/sbt_1.0/0.13.0/ivys/ivy.xml))), directCause=None)), directCause=None)), directCause=None)), directCause=None)), directCause=None), Incomplete(node=Some(Task((taskDefinitionKey: ScopedKey(Scope(Select(ProjectRef(file:/home/chen/ysyx/chisel-book/ex6-ALU/project/,ex6-alu-build)), Zero, Zero, Zero),update)))), tpe=Error, msg=None, causes=List(Incomplete(node=Some(Task((tags: Map(Tag(update) -> 1, Tag(network) -> 1), taskDefinitionKey: ScopedKey(Scope(Select(ProjectRef(file:/home/chen/ysyx/chisel-book/ex6-ALU/project/,ex6-alu-build)), Zero, Zero, Zero),update)))), tpe=Error, msg=None, causes=List(), directCause=Some(sbt.librarymanagement.ResolveException: Error downloading com.eed3si9n:sbt-assembly;sbtVersion=1.0;scalaVersion=2.12:0.13.0[0m
[0m[[0m[31merror[0m] [0m[0m  Not found[0m
[0m[[0m[31merror[0m] [0m[0m  Not found[0m
[0m[[0m[31merror[0m] [0m[0m  not found: https://repo1.maven.org/maven2/com/eed3si9n/sbt-assembly_2.12_1.0/0.13.0/sbt-assembly-0.13.0.pom[0m
[0m[[0m[31merror[0m] [0m[0m  not found: /home/chen/.ivy2/localcom.eed3si9n/sbt-assembly/scala_2.12/sbt_1.0/0.13.0/ivys/ivy.xml[0m
[0m[[0m[31merror[0m] [0m[0m  not found: https://maven.aliyun.com/repository/central/com/eed3si9n/sbt-assembly_2.12_1.0/0.13.0/sbt-assembly-0.13.0.pom[0m
[0m[[0m[31merror[0m] [0m[0m  not found: https://maven.aliyun.com/repository/public/com/eed3si9n/sbt-assembly_2.12_1.0/0.13.0/sbt-assembly-0.13.0.pom[0m
[0m[[0m[31merror[0m] [0m[0m  not found: https://maven.aliyun.com/nexus/content/groups/public/com/eed3si9n/sbt-assembly_2.12_1.0/0.13.0/sbt-assembly-0.13.0.pom[0m
[0m[[0m[31merror[0m] [0m[0m  not found: https://oss.sonatype.org/service/local/repositories/releases/content/com/eed3si9n/sbt-assembly_2.12_1.0/0.13.0/sbt-assembly-0.13.0.pom[0m
[0m[[0m[31merror[0m] [0m[0m  not found: https://oss.sonatype.org/content/repositories/snapshots/com/eed3si9n/sbt-assembly_2.12_1.0/0.13.0/sbt-assembly-0.13.0.pom[0m
[0m[[0m[31merror[0m] [0m[0m  not found: https://dl.bintray.com/sbt/sbt-plugin-releases/com.eed3si9n/sbt-assembly/scala_2.12/sbt_1.0/0.13.0/ivys/ivy.xml[0m
[0m[[0m[31merror[0m] [0m[0m  not found: https://repo.scala-sbt.org/scalasbt/sbt-plugin-releases/com.eed3si9n/sbt-assembly/scala_2.12/sbt_1.0/0.13.0/ivys/ivy.xml[0m
[0m[[0m[31merror[0m] [0m[0m  not found: https://repo.typesafe.com/typesafe/ivy-releases/com.eed3si9n/sbt-assembly/scala_2.12/sbt_1.0/0.13.0/ivys/ivy.xml[0m
[0m[[0m[31merror[0m] [0m[0m  not found: https://repo.scala-sbt.org/scalasbt/sbt-plugin-releases/com.eed3si9n/sbt-assembly/scala_2.12/sbt_1.0/0.13.0/ivys/ivy.xml))), directCause=None), Incomplete(node=Some(Task(_)), tpe=Error, msg=None, causes=List(Incomplete(node=Some(Task(_)), tpe=Error, msg=None, causes=List(Incomplete(node=Some(Task((taskDefinitionKey: ScopedKey(Scope(Select(ProjectRef(file:/home/chen/ysyx/chisel-book/ex6-ALU/project/,ex6-alu-build)), Select(ConfigKey(compile)), Zero, Zero),externalDependencyClasspath)))), tpe=Error, msg=None, causes=List(Incomplete(node=Some(Task(_)), tpe=Error, msg=None, causes=List(Incomplete(node=Some(Task((taskDefinitionKey: ScopedKey(Scope(Select(ProjectRef(file:/home/chen/ysyx/chisel-book/ex6-ALU/project/,ex6-alu-build)), Select(ConfigKey(compile)), Zero, Zero),managedClasspath)))), tpe=Error, msg=None, causes=List(Incomplete(node=Some(Task(_)), tpe=Error, msg=None, causes=List(Incomplete(node=Some(Task((taskDefinitionKey: ScopedKey(Scope(Select(ProjectRef(file:/home/chen/ysyx/chisel-book/ex6-ALU/project/,ex6-alu-build)), Zero, Zero, Zero),update)))), tpe=Error, msg=None, causes=List(Incomplete(node=Some(Task((tags: Map(Tag(update) -> 1, Tag(network) -> 1), taskDefinitionKey: ScopedKey(Scope(Select(ProjectRef(file:/home/chen/ysyx/chisel-book/ex6-ALU/project/,ex6-alu-build)), Zero, Zero, Zero),update)))), tpe=Error, msg=None, causes=List(), directCause=Some(sbt.librarymanagement.ResolveException: Error downloading com.eed3si9n:sbt-assembly;sbtVersion=1.0;scalaVersion=2.12:0.13.0[0m
[0m[[0m[31merror[0m] [0m[0m  Not found[0m
[0m[[0m[31merror[0m] [0m[0m  Not found[0m
[0m[[0m[31merror[0m] [0m[0m  not found: https://repo1.maven.org/maven2/com/eed3si9n/sbt-assembly_2.12_1.0/0.13.0/sbt-assembly-0.13.0.pom[0m
[0m[[0m[31merror[0m] [0m[0m  not found: /home/chen/.ivy2/localcom.eed3si9n/sbt-assembly/scala_2.12/sbt_1.0/0.13.0/ivys/ivy.xml[0m
[0m[[0m[31merror[0m] [0m[0m  not found: https://maven.aliyun.com/repository/central/com/eed3si9n/sbt-assembly_2.12_1.0/0.13.0/sbt-assembly-0.13.0.pom[0m
[0m[[0m[31merror[0m] [0m[0m  not found: https://maven.aliyun.com/repository/public/com/eed3si9n/sbt-assembly_2.12_1.0/0.13.0/sbt-assembly-0.13.0.pom[0m
[0m[[0m[31merror[0m] [0m[0m  not found: https://maven.aliyun.com/nexus/content/groups/public/com/eed3si9n/sbt-assembly_2.12_1.0/0.13.0/sbt-assembly-0.13.0.pom[0m
[0m[[0m[31merror[0m] [0m[0m  not found: https://oss.sonatype.org/service/local/repositories/releases/content/com/eed3si9n/sbt-assembly_2.12_1.0/0.13.0/sbt-assembly-0.13.0.pom[0m
[0m[[0m[31merror[0m] [0m[0m  not found: https://oss.sonatype.org/content/repositories/snapshots/com/eed3si9n/sbt-assembly_2.12_1.0/0.13.0/sbt-assembly-0.13.0.pom[0m
[0m[[0m[31merror[0m] [0m[0m  not found: https://dl.bintray.com/sbt/sbt-plugin-releases/com.eed3si9n/sbt-assembly/scala_2.12/sbt_1.0/0.13.0/ivys/ivy.xml[0m
[0m[[0m[31merror[0m] [0m[0m  not found: https://repo.scala-sbt.org/scalasbt/sbt-plugin-releases/com.eed3si9n/sbt-assembly/scala_2.12/sbt_1.0/0.13.0/ivys/ivy.xml[0m
[0m[[0m[31merror[0m] [0m[0m  not found: https://repo.typesafe.com/typesafe/ivy-releases/com.eed3si9n/sbt-assembly/scala_2.12/sbt_1.0/0.13.0/ivys/ivy.xml[0m
[0m[[0m[31merror[0m] [0m[0m  not found: https://repo.scala-sbt.org/scalasbt/sbt-plugin-releases/com.eed3si9n/sbt-assembly/scala_2.12/sbt_1.0/0.13.0/ivys/ivy.xml))), directCause=None), Incomplete(node=Some(Task((taskDefinitionKey: ScopedKey(Scope(Select(ProjectRef(file:/home/chen/ysyx/chisel-book/ex6-ALU/project/,ex6-alu-build)), Select(ConfigKey(compile)), Zero, Zero),classpathConfiguration)))), tpe=Error, msg=None, causes=List(Incomplete(node=Some(Task((taskDefinitionKey: ScopedKey(Scope(Select(ProjectRef(file:/home/chen/ysyx/chisel-book/ex6-ALU/project/,ex6-alu-build)), Zero, Zero, Zero),update)))), tpe=Error, msg=None, causes=List(Incomplete(node=Some(Task((tags: Map(Tag(update) -> 1, Tag(network) -> 1), taskDefinitionKey: ScopedKey(Scope(Select(ProjectRef(file:/home/chen/ysyx/chisel-book/ex6-ALU/project/,ex6-alu-build)), Zero, Zero, Zero),update)))), tpe=Error, msg=None, causes=List(), directCause=Some(sbt.librarymanagement.ResolveException: Error downloading com.eed3si9n:sbt-assembly;sbtVersion=1.0;scalaVersion=2.12:0.13.0[0m
[0m[[0m[31merror[0m] [0m[0m  Not found[0m
[0m[[0m[31merror[0m] [0m[0m  Not found[0m
[0m[[0m[31merror[0m] [0m[0m  not found: https://repo1.maven.org/maven2/com/eed3si9n/sbt-assembly_2.12_1.0/0.13.0/sbt-assembly-0.13.0.pom[0m
[0m[[0m[31merror[0m] [0m[0m  not found: /home/chen/.ivy2/localcom.eed3si9n/sbt-assembly/scala_2.12/sbt_1.0/0.13.0/ivys/ivy.xml[0m
[0m[[0m[31merror[0m] [0m[0m  not found: https://maven.aliyun.com/repository/central/com/eed3si9n/sbt-assembly_2.12_1.0/0.13.0/sbt-assembly-0.13.0.pom[0m
[0m[[0m[31merror[0m] [0m[0m  not found: https://maven.aliyun.com/repository/public/com/eed3si9n/sbt-assembly_2.12_1.0/0.13.0/sbt-assembly-0.13.0.pom[0m
[0m[[0m[31merror[0m] [0m[0m  not found: https://maven.aliyun.com/nexus/content/groups/public/com/eed3si9n/sbt-assembly_2.12_1.0/0.13.0/sbt-assembly-0.13.0.pom[0m
[0m[[0m[31merror[0m] [0m[0m  not found: https://oss.sonatype.org/service/local/repositories/releases/content/com/eed3si9n/sbt-assembly_2.12_1.0/0.13.0/sbt-assembly-0.13.0.pom[0m
[0m[[0m[31merror[0m] [0m[0m  not found: https://oss.sonatype.org/content/repositories/snapshots/com/eed3si9n/sbt-assembly_2.12_1.0/0.13.0/sbt-assembly-0.13.0.pom[0m
[0m[[0m[31merror[0m] [0m[0m  not found: https://dl.bintray.com/sbt/sbt-plugin-releases/com.eed3si9n/sbt-assembly/scala_2.12/sbt_1.0/0.13.0/ivys/ivy.xml[0m
[0m[[0m[31merror[0m] [0m[0m  not found: https://repo.scala-sbt.org/scalasbt/sbt-plugin-releases/com.eed3si9n/sbt-assembly/scala_2.12/sbt_1.0/0.13.0/ivys/ivy.xml[0m
[0m[[0m[31merror[0m] [0m[0m  not found: https://repo.typesafe.com/typesafe/ivy-releases/com.eed3si9n/sbt-assembly/scala_2.12/sbt_1.0/0.13.0/ivys/ivy.xml[0m
[0m[[0m[31merror[0m] [0m[0m  not found: https://repo.scala-sbt.org/scalasbt/sbt-plugin-releases/com.eed3si9n/sbt-assembly/scala_2.12/sbt_1.0/0.13.0/ivys/ivy.xml))), directCause=None)), directCause=None)), directCause=None)), directCause=None)), directCause=None)), directCause=None)), directCause=None)), directCause=None), Incomplete(node=Some(Task((taskDefinitionKey: ScopedKey(Scope(Select(ProjectRef(file:/home/chen/ysyx/chisel-book/ex6-ALU/project/,ex6-alu-build)), Select(ConfigKey(compile)), Zero, Zero),bloopInternalClasspath)))), tpe=Error, msg=None, causes=List(Incomplete(node=Some(Task(_)), tpe=Error, msg=None, causes=List(Incomplete(node=Some(Task((taskDefinitionKey: ScopedKey(Scope(Select(ProjectRef(file:/home/chen/ysyx/chisel-book/ex6-ALU/project/,ex6-alu-build)), Select(ConfigKey(compile)), Zero, Zero),classpathConfiguration)))), tpe=Error, msg=None, causes=List(Incomplete(node=Some(Task((taskDefinitionKey: ScopedKey(Scope(Select(ProjectRef(file:/home/chen/ysyx/chisel-book/ex6-ALU/project/,ex6-alu-build)), Zero, Zero, Zero),update)))), tpe=Error, msg=None, causes=List(Incomplete(node=Some(Task((tags: Map(Tag(update) -> 1, Tag(network) -> 1), taskDefinitionKey: ScopedKey(Scope(Select(ProjectRef(file:/home/chen/ysyx/chisel-book/ex6-ALU/project/,ex6-alu-build)), Zero, Zero, Zero),update)))), tpe=Error, msg=None, causes=List(), directCause=Some(sbt.librarymanagement.ResolveException: Error downloading com.eed3si9n:sbt-assembly;sbtVersion=1.0;scalaVersion=2.12:0.13.0[0m
[0m[[0m[31merror[0m] [0m[0m  Not found[0m
[0m[[0m[31merror[0m] [0m[0m  Not found[0m
[0m[[0m[31merror[0m] [0m[0m  not found: https://repo1.maven.org/maven2/com/eed3si9n/sbt-assembly_2.12_1.0/0.13.0/sbt-assembly-0.13.0.pom[0m
[0m[[0m[31merror[0m] [0m[0m  not found: /home/chen/.ivy2/localcom.eed3si9n/sbt-assembly/scala_2.12/sbt_1.0/0.13.0/ivys/ivy.xml[0m
[0m[[0m[31merror[0m] [0m[0m  not found: https://maven.aliyun.com/repository/central/com/eed3si9n/sbt-assembly_2.12_1.0/0.13.0/sbt-assembly-0.13.0.pom[0m
[0m[[0m[31merror[0m] [0m[0m  not found: https://maven.aliyun.com/repository/public/com/eed3si9n/sbt-assembly_2.12_1.0/0.13.0/sbt-assembly-0.13.0.pom[0m
[0m[[0m[31merror[0m] [0m[0m  not found: https://maven.aliyun.com/nexus/content/groups/public/com/eed3si9n/sbt-assembly_2.12_1.0/0.13.0/sbt-assembly-0.13.0.pom[0m
[0m[[0m[31merror[0m] [0m[0m  not found: https://oss.sonatype.org/service/local/repositories/releases/content/com/eed3si9n/sbt-assembly_2.12_1.0/0.13.0/sbt-assembly-0.13.0.pom[0m
[0m[[0m[31merror[0m] [0m[0m  not found: https://oss.sonatype.org/content/repositories/snapshots/com/eed3si9n/sbt-assembly_2.12_1.0/0.13.0/sbt-assembly-0.13.0.pom[0m
[0m[[0m[31merror[0m] [0m[0m  not found: https://dl.bintray.com/sbt/sbt-plugin-releases/com.eed3si9n/sbt-assembly/scala_2.12/sbt_1.0/0.13.0/ivys/ivy.xml[0m
[0m[[0m[31merror[0m] [0m[0m  not found: https://repo.scala-sbt.org/scalasbt/sbt-plugin-releases/com.eed3si9n/sbt-assembly/scala_2.12/sbt_1.0/0.13.0/ivys/ivy.xml[0m
[0m[[0m[31merror[0m] [0m[0m  not found: https://repo.typesafe.com/typesafe/ivy-releases/com.eed3si9n/sbt-assembly/scala_2.12/sbt_1.0/0.13.0/ivys/ivy.xml[0m
[0m[[0m[31merror[0m] [0m[0m  not found: https://repo.scala-sbt.org/scalasbt/sbt-plugin-releases/com.eed3si9n/sbt-assembly/scala_2.12/sbt_1.0/0.13.0/ivys/ivy.xml))), directCause=None)), directCause=None)), directCause=None)), directCause=None), Incomplete(node=Some(Task((taskDefinitionKey: ScopedKey(Scope(Select(ProjectRef(file:/home/chen/ysyx/chisel-book/ex6-ALU/project/,ex6-alu-build)), Select(ConfigKey(compile)), Zero, Zero),scalacOptions)))), tpe=Error, msg=None, causes=List(Incomplete(node=Some(Task((taskDefinitionKey: ScopedKey(Scope(Select(ProjectRef(file:/home/chen/ysyx/chisel-book/ex6-ALU/project/,ex6-alu-build)), Select(ConfigKey(compile)), Zero, Zero),scalacOptions)))), tpe=Error, msg=None, causes=List(Incomplete(node=Some(Task((taskDefinitionKey: ScopedKey(Scope(Select(ProjectRef(file:/home/chen/ysyx/chisel-book/ex6-ALU/project/,ex6-alu-build)), Select(ConfigKey(compile)), Zero, Zero),scalacOptions)))), tpe=Error, msg=None, causes=List(Incomplete(node=Some(Task((taskDefinitionKey: ScopedKey(Scope(Select(ProjectRef(file:/home/chen/ysyx/chisel-book/ex6-ALU/project/,ex6-alu-build)), Select(ConfigKey(compile)), Zero, Zero),scalacOptions)))), tpe=Error, msg=None, causes=List(Incomplete(node=Some(Task((taskDefinitionKey: ScopedKey(Scope(Select(ProjectRef(file:/home/chen/ysyx/chisel-book/ex6-ALU/project/,ex6-alu-build)), Select(ConfigKey(compile)), Zero, Zero),scalacOptions)))), tpe=Error, msg=None, causes=List(Incomplete(node=Some(Task((taskDefinitionKey: ScopedKey(Scope(Select(ProjectRef(file:/home/chen/ysyx/chisel-book/ex6-ALU/project/,ex6-alu-build)), Zero, Zero, Zero),update)))), tpe=Error, msg=None, causes=List(Incomplete(node=Some(Task((tags: Map(Tag(update) -> 1, Tag(network) -> 1), taskDefinitionKey: ScopedKey(Scope(Select(ProjectRef(file:/home/chen/ysyx/chisel-book/ex6-ALU/project/,ex6-alu-build)), Zero, Zero, Zero),update)))), tpe=Error, msg=None, causes=List(), directCause=Some(sbt.librarymanagement.ResolveException: Error downloading com.eed3si9n:sbt-assembly;sbtVersion=1.0;scalaVersion=2.12:0.13.0[0m
[0m[[0m[31merror[0m] [0m[0m  Not found[0m
[0m[[0m[31merror[0m] [0m[0m  Not found[0m
[0m[[0m[31merror[0m] [0m[0m  not found: https://repo1.maven.org/maven2/com/eed3si9n/sbt-assembly_2.12_1.0/0.13.0/sbt-assembly-0.13.0.pom[0m
[0m[[0m[31merror[0m] [0m[0m  not found: /home/chen/.ivy2/localcom.eed3si9n/sbt-assembly/scala_2.12/sbt_1.0/0.13.0/ivys/ivy.xml[0m
[0m[[0m[31merror[0m] [0m[0m  not found: https://maven.aliyun.com/repository/central/com/eed3si9n/sbt-assembly_2.12_1.0/0.13.0/sbt-assembly-0.13.0.pom[0m
[0m[[0m[31merror[0m] [0m[0m  not found: https://maven.aliyun.com/repository/public/com/eed3si9n/sbt-assembly_2.12_1.0/0.13.0/sbt-assembly-0.13.0.pom[0m
[0m[[0m[31merror[0m] [0m[0m  not found: https://maven.aliyun.com/nexus/content/groups/public/com/eed3si9n/sbt-assembly_2.12_1.0/0.13.0/sbt-assembly-0.13.0.pom[0m
[0m[[0m[31merror[0m] [0m[0m  not found: https://oss.sonatype.org/service/local/repositories/releases/content/com/eed3si9n/sbt-assembly_2.12_1.0/0.13.0/sbt-assembly-0.13.0.pom[0m
[0m[[0m[31merror[0m] [0m[0m  not found: https://oss.sonatype.org/content/repositories/snapshots/com/eed3si9n/sbt-assembly_2.12_1.0/0.13.0/sbt-assembly-0.13.0.pom[0m
[0m[[0m[31merror[0m] [0m[0m  not found: https://dl.bintray.com/sbt/sbt-plugin-releases/com.eed3si9n/sbt-assembly/scala_2.12/sbt_1.0/0.13.0/ivys/ivy.xml[0m
[0m[[0m[31merror[0m] [0m[0m  not found: https://repo.scala-sbt.org/scalasbt/sbt-plugin-releases/com.eed3si9n/sbt-assembly/scala_2.12/sbt_1.0/0.13.0/ivys/ivy.xml[0m
[0m[[0m[31merror[0m] [0m[0m  not found: https://repo.typesafe.com/typesafe/ivy-releases/com.eed3si9n/sbt-assembly/scala_2.12/sbt_1.0/0.13.0/ivys/ivy.xml[0m
[0m[[0m[31merror[0m] [0m[0m  not found: https://repo.scala-sbt.org/scalasbt/sbt-plugin-releases/com.eed3si9n/sbt-assembly/scala_2.12/sbt_1.0/0.13.0/ivys/ivy.xml))), directCause=None)), directCause=None)), directCause=None)), directCause=None)), directCause=None)), directCause=None), Incomplete(node=Some(Task(_)), tpe=Error, msg=None, causes=List(Incomplete(node=Some(Task((taskDefinitionKey: ScopedKey(Scope(Select(ProjectRef(file:/home/chen/ysyx/chisel-book/ex6-ALU/project/,ex6-alu-build)), Select(ConfigKey(compile)), Zero, Zero),externalDependencyClasspath)))), tpe=Error, msg=None, causes=List(Incomplete(node=Some(Task(_)), tpe=Error, msg=None, causes=List(Incomplete(node=Some(Task((taskDefinitionKey: ScopedKey(Scope(Select(ProjectRef(file:/home/chen/ysyx/chisel-book/ex6-ALU/project/,ex6-alu-build)), Select(ConfigKey(compile)), Zero, Zero),managedClasspath)))), tpe=Error, msg=None, causes=List(Incomplete(node=Some(Task(_)), tpe=Error, msg=None, causes=List(Incomplete(node=Some(Task((taskDefinitionKey: ScopedKey(Scope(Select(ProjectRef(file:/home/chen/ysyx/chisel-book/ex6-ALU/project/,ex6-alu-build)), Zero, Zero, Zero),update)))), tpe=Error, msg=None, causes=List(Incomplete(node=Some(Task((tags: Map(Tag(update) -> 1, Tag(network) -> 1), taskDefinitionKey: ScopedKey(Scope(Select(ProjectRef(file:/home/chen/ysyx/chisel-book/ex6-ALU/project/,ex6-alu-build)), Zero, Zero, Zero),update)))), tpe=Error, msg=None, causes=List(), directCause=Some(sbt.librarymanagement.ResolveException: Error downloading com.eed3si9n:sbt-assembly;sbtVersion=1.0;scalaVersion=2.12:0.13.0[0m
[0m[[0m[31merror[0m] [0m[0m  Not found[0m
[0m[[0m[31merror[0m] [0m[0m  Not found[0m
[0m[[0m[31merror[0m] [0m[0m  not found: https://repo1.maven.org/maven2/com/eed3si9n/sbt-assembly_2.12_1.0/0.13.0/sbt-assembly-0.13.0.pom[0m
[0m[[0m[31merror[0m] [0m[0m  not found: /home/chen/.ivy2/localcom.eed3si9n/sbt-assembly/scala_2.12/sbt_1.0/0.13.0/ivys/ivy.xml[0m
[0m[[0m[31merror[0m] [0m[0m  not found: https://maven.aliyun.com/repository/central/com/eed3si9n/sbt-assembly_2.12_1.0/0.13.0/sbt-assembly-0.13.0.pom[0m
[0m[[0m[31merror[0m] [0m[0m  not found: https://maven.aliyun.com/repository/public/com/eed3si9n/sbt-assembly_2.12_1.0/0.13.0/sbt-assembly-0.13.0.pom[0m
[0m[[0m[31merror[0m] [0m[0m  not found: https://maven.aliyun.com/nexus/content/groups/public/com/eed3si9n/sbt-assembly_2.12_1.0/0.13.0/sbt-assembly-0.13.0.pom[0m
[0m[[0m[31merror[0m] [0m[0m  not found: https://oss.sonatype.org/service/local/repositories/releases/content/com/eed3si9n/sbt-assembly_2.12_1.0/0.13.0/sbt-assembly-0.13.0.pom[0m
[0m[[0m[31merror[0m] [0m[0m  not found: https://oss.sonatype.org/content/repositories/snapshots/com/eed3si9n/sbt-assembly_2.12_1.0/0.13.0/sbt-assembly-0.13.0.pom[0m
[0m[[0m[31merror[0m] [0m[0m  not found: https://dl.bintray.com/sbt/sbt-plugin-releases/com.eed3si9n/sbt-assembly/scala_2.12/sbt_1.0/0.13.0/ivys/ivy.xml[0m
[0m[[0m[31merror[0m] [0m[0m  not found: https://repo.scala-sbt.org/scalasbt/sbt-plugin-releases/com.eed3si9n/sbt-assembly/scala_2.12/sbt_1.0/0.13.0/ivys/ivy.xml[0m
[0m[[0m[31merror[0m] [0m[0m  not found: https://repo.typesafe.com/typesafe/ivy-releases/com.eed3si9n/sbt-assembly/scala_2.12/sbt_1.0/0.13.0/ivys/ivy.xml[0m
[0m[[0m[31merror[0m] [0m[0m  not found: https://repo.scala-sbt.org/scalasbt/sbt-plugin-releases/com.eed3si9n/sbt-assembly/scala_2.12/sbt_1.0/0.13.0/ivys/ivy.xml))), directCause=None), Incomplete(node=Some(Task((taskDefinitionKey: ScopedKey(Scope(Select(ProjectRef(file:/home/chen/ysyx/chisel-book/ex6-ALU/project/,ex6-alu-build)), Select(ConfigKey(compile)), Zero, Zero),classpathConfiguration)))), tpe=Error, msg=None, causes=List(Incomplete(node=Some(Task((taskDefinitionKey: ScopedKey(Scope(Select(ProjectRef(file:/home/chen/ysyx/chisel-book/ex6-ALU/project/,ex6-alu-build)), Zero, Zero, Zero),update)))), tpe=Error, msg=None, causes=List(Incomplete(node=Some(Task((tags: Map(Tag(update) -> 1, Tag(network) -> 1), taskDefinitionKey: ScopedKey(Scope(Select(ProjectRef(file:/home/chen/ysyx/chisel-book/ex6-ALU/project/,ex6-alu-build)), Zero, Zero, Zero),update)))), tpe=Error, msg=None, causes=List(), directCause=Some(sbt.librarymanagement.ResolveException: Error downloading com.eed3si9n:sbt-assembly;sbtVersion=1.0;scalaVersion=2.12:0.13.0[0m
[0m[[0m[31merror[0m] [0m[0m  Not found[0m
[0m[[0m[31merror[0m] [0m[0m  Not found[0m
[0m[[0m[31merror[0m] [0m[0m  not found: https://repo1.maven.org/maven2/com/eed3si9n/sbt-assembly_2.12_1.0/0.13.0/sbt-assembly-0.13.0.pom[0m
[0m[[0m[31merror[0m] [0m[0m  not found: /home/chen/.ivy2/localcom.eed3si9n/sbt-assembly/scala_2.12/sbt_1.0/0.13.0/ivys/ivy.xml[0m
[0m[[0m[31merror[0m] [0m[0m  not found: https://maven.aliyun.com/repository/central/com/eed3si9n/sbt-assembly_2.12_1.0/0.13.0/sbt-assembly-0.13.0.pom[0m
[0m[[0m[31merror[0m] [0m[0m  not found: https://maven.aliyun.com/repository/public/com/eed3si9n/sbt-assembly_2.12_1.0/0.13.0/sbt-assembly-0.13.0.pom[0m
[0m[[0m[31merror[0m] [0m[0m  not found: https://maven.aliyun.com/nexus/content/groups/public/com/eed3si9n/sbt-assembly_2.12_1.0/0.13.0/sbt-assembly-0.13.0.pom[0m
[0m[[0m[31merror[0m] [0m[0m  not found: https://oss.sonatype.org/service/local/repositories/releases/content/com/eed3si9n/sbt-assembly_2.12_1.0/0.13.0/sbt-assembly-0.13.0.pom[0m
[0m[[0m[31merror[0m] [0m[0m  not found: https://oss.sonatype.org/content/repositories/snapshots/com/eed3si9n/sbt-assembly_2.12_1.0/0.13.0/sbt-assembly-0.13.0.pom[0m
[0m[[0m[31merror[0m] [0m[0m  not found: https://dl.bintray.com/sbt/sbt-plugin-releases/com.eed3si9n/sbt-assembly/scala_2.12/sbt_1.0/0.13.0/ivys/ivy.xml[0m
[0m[[0m[31merror[0m] [0m[0m  not found: https://repo.scala-sbt.org/scalasbt/sbt-plugin-releases/com.eed3si9n/sbt-assembly/scala_2.12/sbt_1.0/0.13.0/ivys/ivy.xml[0m
[0m[[0m[31merror[0m] [0m[0m  not found: https://repo.typesafe.com/typesafe/ivy-releases/com.eed3si9n/sbt-assembly/scala_2.12/sbt_1.0/0.13.0/ivys/ivy.xml[0m
[0m[[0m[31merror[0m] [0m[0m  not found: https://repo.scala-sbt.org/scalasbt/sbt-plugin-releases/com.eed3si9n/sbt-assembly/scala_2.12/sbt_1.0/0.13.0/ivys/ivy.xml))), directCause=None)), directCause=None)), directCause=None)), directCause=None)), directCause=None)), directCause=None), Incomplete(node=Some(Task((taskDefinitionKey: ScopedKey(Scope(Select(ProjectRef(file:/home/chen/ysyx/chisel-book/ex6-ALU/project/,ex6-alu-build)), Select(ConfigKey(compile)), Zero, Zero),bloopInternalClasspath)))), tpe=Error, msg=None, causes=List(Incomplete(node=Some(Task(_)), tpe=Error, msg=None, causes=List(Incomplete(node=Some(Task((taskDefinitionKey: ScopedKey(Scope(Select(ProjectRef(file:/home/chen/ysyx/chisel-book/ex6-ALU/project/,ex6-alu-build)), Select(ConfigKey(compile)), Zero, Zero),classpathConfiguration)))), tpe=Error, msg=None, causes=List(Incomplete(node=Some(Task((taskDefinitionKey: ScopedKey(Scope(Select(ProjectRef(file:/home/chen/ysyx/chisel-book/ex6-ALU/project/,ex6-alu-build)), Zero, Zero, Zero),update)))), tpe=Error, msg=None, causes=List(Incomplete(node=Some(Task((tags: Map(Tag(update) -> 1, Tag(network) -> 1), taskDefinitionKey: ScopedKey(Scope(Select(ProjectRef(file:/home/chen/ysyx/chisel-book/ex6-ALU/project/,ex6-alu-build)), Zero, Zero, Zero),update)))), tpe=Error, msg=None, causes=List(), directCause=Some(sbt.librarymanagement.ResolveException: Error downloading com.eed3si9n:sbt-assembly;sbtVersion=1.0;scalaVersion=2.12:0.13.0[0m
[0m[[0m[31merror[0m] [0m[0m  Not found[0m
[0m[[0m[31merror[0m] [0m[0m  Not found[0m
[0m[[0m[31merror[0m] [0m[0m  not found: https://repo1.maven.org/maven2/com/eed3si9n/sbt-assembly_2.12_1.0/0.13.0/sbt-assembly-0.13.0.pom[0m
[0m[[0m[31merror[0m] [0m[0m  not found: /home/chen/.ivy2/localcom.eed3si9n/sbt-assembly/scala_2.12/sbt_1.0/0.13.0/ivys/ivy.xml[0m
[0m[[0m[31merror[0m] [0m[0m  not found: https://maven.aliyun.com/repository/central/com/eed3si9n/sbt-assembly_2.12_1.0/0.13.0/sbt-assembly-0.13.0.pom[0m
[0m[[0m[31merror[0m] [0m[0m  not found: https://maven.aliyun.com/repository/public/com/eed3si9n/sbt-assembly_2.12_1.0/0.13.0/sbt-assembly-0.13.0.pom[0m
[0m[[0m[31merror[0m] [0m[0m  not found: https://maven.aliyun.com/nexus/content/groups/public/com/eed3si9n/sbt-assembly_2.12_1.0/0.13.0/sbt-assembly-0.13.0.pom[0m
[0m[[0m[31merror[0m] [0m[0m  not found: https://oss.sonatype.org/service/local/repositories/releases/content/com/eed3si9n/sbt-assembly_2.12_1.0/0.13.0/sbt-assembly-0.13.0.pom[0m
[0m[[0m[31merror[0m] [0m[0m  not found: https://oss.sonatype.org/content/repositories/snapshots/com/eed3si9n/sbt-assembly_2.12_1.0/0.13.0/sbt-assembly-0.13.0.pom[0m
[0m[[0m[31merror[0m] [0m[0m  not found: https://dl.bintray.com/sbt/sbt-plugin-releases/com.eed3si9n/sbt-assembly/scala_2.12/sbt_1.0/0.13.0/ivys/ivy.xml[0m
[0m[[0m[31merror[0m] [0m[0m  not found: https://repo.scala-sbt.org/scalasbt/sbt-plugin-releases/com.eed3si9n/sbt-assembly/scala_2.12/sbt_1.0/0.13.0/ivys/ivy.xml[0m
[0m[[0m[31merror[0m] [0m[0m  not found: https://repo.typesafe.com/typesafe/ivy-releases/com.eed3si9n/sbt-assembly/scala_2.12/sbt_1.0/0.13.0/ivys/ivy.xml[0m
[0m[[0m[31merror[0m] [0m[0m  not found: https://repo.scala-sbt.org/scalasbt/sbt-plugin-releases/com.eed3si9n/sbt-assembly/scala_2.12/sbt_1.0/0.13.0/ivys/ivy.xml))), directCause=None)), directCause=None)), directCause=None)), directCause=None)), directCause=None)), directCause=None)[0m
[0m[[0m[31merror[0m] [0m[0msbt.librarymanagement.ResolveException: Error downloading com.eed3si9n:sbt-assembly;sbtVersion=1.0;scalaVersion=2.12:0.13.0[0m
[0m[[0m[31merror[0m] [0m[0m  Not found[0m
[0m[[0m[31merror[0m] [0m[0m  Not found[0m
[0m[[0m[31merror[0m] [0m[0m  not found: https://repo1.maven.org/maven2/com/eed3si9n/sbt-assembly_2.12_1.0/0.13.0/sbt-assembly-0.13.0.pom[0m
[0m[[0m[31merror[0m] [0m[0m  not found: /home/chen/.ivy2/localcom.eed3si9n/sbt-assembly/scala_2.12/sbt_1.0/0.13.0/ivys/ivy.xml[0m
[0m[[0m[31merror[0m] [0m[0m  not found: https://maven.aliyun.com/repository/central/com/eed3si9n/sbt-assembly_2.12_1.0/0.13.0/sbt-assembly-0.13.0.pom[0m
[0m[[0m[31merror[0m] [0m[0m  not found: https://maven.aliyun.com/repository/public/com/eed3si9n/sbt-assembly_2.12_1.0/0.13.0/sbt-assembly-0.13.0.pom[0m
[0m[[0m[31merror[0m] [0m[0m  not found: https://maven.aliyun.com/nexus/content/groups/public/com/eed3si9n/sbt-assembly_2.12_1.0/0.13.0/sbt-assembly-0.13.0.pom[0m
[0m[[0m[31merror[0m] [0m[0m  not found: https://oss.sonatype.org/service/local/repositories/releases/content/com/eed3si9n/sbt-assembly_2.12_1.0/0.13.0/sbt-assembly-0.13.0.pom[0m
[0m[[0m[31merror[0m] [0m[0m  not found: https://oss.sonatype.org/content/repositories/snapshots/com/eed3si9n/sbt-assembly_2.12_1.0/0.13.0/sbt-assembly-0.13.0.pom[0m
[0m[[0m[31merror[0m] [0m[0m  not found: https://dl.bintray.com/sbt/sbt-plugin-releases/com.eed3si9n/sbt-assembly/scala_2.12/sbt_1.0/0.13.0/ivys/ivy.xml[0m
[0m[[0m[31merror[0m] [0m[0m  not found: https://repo.scala-sbt.org/scalasbt/sbt-plugin-releases/com.eed3si9n/sbt-assembly/scala_2.12/sbt_1.0/0.13.0/ivys/ivy.xml[0m
[0m[[0m[31merror[0m] [0m[0m  not found: https://repo.typesafe.com/typesafe/ivy-releases/com.eed3si9n/sbt-assembly/scala_2.12/sbt_1.0/0.13.0/ivys/ivy.xml[0m
[0m[[0m[31merror[0m] [0m[0m  not found: https://repo.scala-sbt.org/scalasbt/sbt-plugin-releases/com.eed3si9n/sbt-assembly/scala_2.12/sbt_1.0/0.13.0/ivys/ivy.xml[0m
[0m[[0m[31merror[0m] [0m[0m	at lmcoursier.CoursierDependencyResolution.unresolvedWarningOrThrow(CoursierDependencyResolution.scala:344)[0m
[0m[[0m[31merror[0m] [0m[0m	at lmcoursier.CoursierDependencyResolution.$anonfun$update$38(CoursierDependencyResolution.scala:313)[0m
[0m[[0m[31merror[0m] [0m[0m	at scala.util.Either$LeftProjection.map(Either.scala:573)[0m
[0m[[0m[31merror[0m] [0m[0m	at lmcoursier.CoursierDependencyResolution.update(CoursierDependencyResolution.scala:313)[0m
[0m[[0m[31merror[0m] [0m[0m	at sbt.librarymanagement.DependencyResolution.update(DependencyResolution.scala:60)[0m
[0m[[0m[31merror[0m] [0m[0m	at sbt.internal.LibraryManagement$.resolve$1(LibraryManagement.scala:60)[0m
[0m[[0m[31merror[0m] [0m[0m	at sbt.internal.LibraryManagement$.$anonfun$cachedUpdate$12(LibraryManagement.scala:134)[0m
[0m[[0m[31merror[0m] [0m[0m	at sbt.util.Tracked$.$anonfun$lastOutput$1(Tracked.scala:74)[0m
[0m[[0m[31merror[0m] [0m[0m	at sbt.internal.LibraryManagement$.$anonfun$cachedUpdate$20(LibraryManagement.scala:147)[0m
[0m[[0m[31merror[0m] [0m[0m	at scala.util.control.Exception$Catch.apply(Exception.scala:228)[0m
[0m[[0m[31merror[0m] [0m[0m	at sbt.internal.LibraryManagement$.$anonfun$cachedUpdate$11(LibraryManagement.scala:147)[0m
[0m[[0m[31merror[0m] [0m[0m	at sbt.internal.LibraryManagement$.$anonfun$cachedUpdate$11$adapted(LibraryManagement.scala:128)[0m
[0m[[0m[31merror[0m] [0m[0m	at sbt.util.Tracked$.$anonfun$inputChangedW$1(Tracked.scala:220)[0m
[0m[[0m[31merror[0m] [0m[0m	at sbt.internal.LibraryManagement$.cachedUpdate(LibraryManagement.scala:161)[0m
[0m[[0m[31merror[0m] [0m[0m	at sbt.Classpaths$.$anonfun$updateTask0$1(Defaults.scala:3801)[0m
[0m[[0m[31merror[0m] [0m[0m	at scala.Function1.$anonfun$compose$1(Function1.scala:49)[0m
[0m[[0m[31merror[0m] [0m[0m	at sbt.internal.util.$tilde$greater.$anonfun$$u2219$1(TypeFunctions.scala:63)[0m
[0m[[0m[31merror[0m] [0m[0m	at sbt.std.Transform$$anon$4.work(Transform.scala:69)[0m
[0m[[0m[31merror[0m] [0m[0m	at sbt.Execute.$anonfun$submit$2(Execute.scala:283)[0m
[0m[[0m[31merror[0m] [0m[0m	at sbt.internal.util.ErrorHandling$.wideConvert(ErrorHandling.scala:24)[0m
[0m[[0m[31merror[0m] [0m[0m	at sbt.Execute.work(Execute.scala:292)[0m
[0m[[0m[31merror[0m] [0m[0m	at sbt.Execute.$anonfun$submit$1(Execute.scala:283)[0m
[0m[[0m[31merror[0m] [0m[0m	at sbt.ConcurrentRestrictions$$anon$4.$anonfun$submitValid$1(ConcurrentRestrictions.scala:265)[0m
[0m[[0m[31merror[0m] [0m[0m	at sbt.CompletionService$$anon$2.call(CompletionService.scala:65)[0m
[0m[[0m[31merror[0m] [0m[0m	at java.base/java.util.concurrent.FutureTask.run(FutureTask.java:264)[0m
[0m[[0m[31merror[0m] [0m[0m	at java.base/java.util.concurrent.Executors$RunnableAdapter.call(Executors.java:515)[0m
[0m[[0m[31merror[0m] [0m[0m	at java.base/java.util.concurrent.FutureTask.run(FutureTask.java:264)[0m
[0m[[0m[31merror[0m] [0m[0m	at java.base/java.util.concurrent.ThreadPoolExecutor.runWorker(ThreadPoolExecutor.java:1128)[0m
[0m[[0m[31merror[0m] [0m[0m	at java.base/java.util.concurrent.ThreadPoolExecutor$Worker.run(ThreadPoolExecutor.java:628)[0m
[0m[[0m[31merror[0m] [0m[0m	at java.base/java.lang.Thread.run(Thread.java:829)[0m
[0m[[0m[31merror[0m] [0m[0m([31mupdate[0m) sbt.librarymanagement.ResolveException: Error downloading com.eed3si9n:sbt-assembly;sbtVersion=1.0;scalaVersion=2.12:0.13.0[0m
[0m[[0m[31merror[0m] [0m[0m  Not found[0m
[0m[[0m[31merror[0m] [0m[0m  Not found[0m
[0m[[0m[31merror[0m] [0m[0m  not found: https://repo1.maven.org/maven2/com/eed3si9n/sbt-assembly_2.12_1.0/0.13.0/sbt-assembly-0.13.0.pom[0m
[0m[[0m[31merror[0m] [0m[0m  not found: /home/chen/.ivy2/localcom.eed3si9n/sbt-assembly/scala_2.12/sbt_1.0/0.13.0/ivys/ivy.xml[0m
[0m[[0m[31merror[0m] [0m[0m  not found: https://maven.aliyun.com/repository/central/com/eed3si9n/sbt-assembly_2.12_1.0/0.13.0/sbt-assembly-0.13.0.pom[0m
[0m[[0m[31merror[0m] [0m[0m  not found: https://maven.aliyun.com/repository/public/com/eed3si9n/sbt-assembly_2.12_1.0/0.13.0/sbt-assembly-0.13.0.pom[0m
[0m[[0m[31merror[0m] [0m[0m  not found: https://maven.aliyun.com/nexus/content/groups/public/com/eed3si9n/sbt-assembly_2.12_1.0/0.13.0/sbt-assembly-0.13.0.pom[0m
[0m[[0m[31merror[0m] [0m[0m  not found: https://oss.sonatype.org/service/local/repositories/releases/content/com/eed3si9n/sbt-assembly_2.12_1.0/0.13.0/sbt-assembly-0.13.0.pom[0m
[0m[[0m[31merror[0m] [0m[0m  not found: https://oss.sonatype.org/content/repositories/snapshots/com/eed3si9n/sbt-assembly_2.12_1.0/0.13.0/sbt-assembly-0.13.0.pom[0m
[0m[[0m[31merror[0m] [0m[0m  not found: https://dl.bintray.com/sbt/sbt-plugin-releases/com.eed3si9n/sbt-assembly/scala_2.12/sbt_1.0/0.13.0/ivys/ivy.xml[0m
[0m[[0m[31merror[0m] [0m[0m  not found: https://repo.scala-sbt.org/scalasbt/sbt-plugin-releases/com.eed3si9n/sbt-assembly/scala_2.12/sbt_1.0/0.13.0/ivys/ivy.xml[0m
[0m[[0m[31merror[0m] [0m[0m  not found: https://repo.typesafe.com/typesafe/ivy-releases/com.eed3si9n/sbt-assembly/scala_2.12/sbt_1.0/0.13.0/ivys/ivy.xml[0m
[0m[[0m[31merror[0m] [0m[0m  not found: https://repo.scala-sbt.org/scalasbt/sbt-plugin-releases/com.eed3si9n/sbt-assembly/scala_2.12/sbt_1.0/0.13.0/ivys/ivy.xml[0m
[0m[[0m[31merror[0m] [0m[0mTotal time: 29 s, completed 2023Âπ¥11Êúà5Êó• ‰∏ãÂçà9:11:18[0m
[0m[[0m[33mwarn[0m] [0m[0mProject loading failed: (r)etry, (q)uit, (l)ast, or (i)gnore? (default: r)[0m
[0m[[0m[33mwarn[0m] [0m[0mProject loading failed: (r)etry, (q)uit, (l)ast, or (i)gnore? (default: r)[0m
[0m[[0m[33mwarn[0m] [0m[0mProject loading failed: (r)etry, (q)uit, (l)ast, or (i)gnore? (default: r)[0m
[0m[[0m[33mwarn[0m] [0m[0mProject loading failed: (r)etry, (q)uit, (l)ast, or (i)gnore? (default: r)[0m
